[2022-08-04T11:41:22.194] [ERROR] errors - ReferenceError: fetch is not defined
    at Object.get (C:\Juan\bootcamp\backend\pre_entrega_3\database\daos\productFetch.js:6:9)
    at Object.getAllProducts (C:\Juan\bootcamp\backend\pre_entrega_3\database\Product.js:12:15)
    at Object.getAllProducts (C:\Juan\bootcamp\backend\pre_entrega_3\services\productService.js:4:33)
    at getAllProducts (C:\Juan\bootcamp\backend\pre_entrega_3\controllers\productController.js:4:40)
    at getProducts (C:\Juan\bootcamp\backend\pre_entrega_3\controllers\productController.js:30:9)
    at Layer.handle [as handle_request] (C:\Juan\bootcamp\backend\pre_entrega_3\node_modules\express\lib\router\layer.js:95:5)
    at next (C:\Juan\bootcamp\backend\pre_entrega_3\node_modules\express\lib\router\route.js:144:13)
    at Route.dispatch (C:\Juan\bootcamp\backend\pre_entrega_3\node_modules\express\lib\router\route.js:114:3)
    at Layer.handle [as handle_request] (C:\Juan\bootcamp\backend\pre_entrega_3\node_modules\express\lib\router\layer.js:95:5)
    at C:\Juan\bootcamp\backend\pre_entrega_3\node_modules\express\lib\router\index.js:284:15
    at Function.process_params (C:\Juan\bootcamp\backend\pre_entrega_3\node_modules\express\lib\router\index.js:346:12)
    at next (C:\Juan\bootcamp\backend\pre_entrega_3\node_modules\express\lib\router\index.js:280:10)
    at Function.handle (C:\Juan\bootcamp\backend\pre_entrega_3\node_modules\express\lib\router\index.js:175:3)
    at router (C:\Juan\bootcamp\backend\pre_entrega_3\node_modules\express\lib\router\index.js:47:12)
    at Layer.handle [as handle_request] (C:\Juan\bootcamp\backend\pre_entrega_3\node_modules\express\lib\router\layer.js:95:5)
    at trim_prefix (C:\Juan\bootcamp\backend\pre_entrega_3\node_modules\express\lib\router\index.js:328:13)
[2022-08-04T11:43:22.750] [ERROR] errors - ReferenceError: fetch is not defined
    at Object.get (C:\Juan\bootcamp\backend\pre_entrega_3\database\daos\productFetch.js:6:9)
    at Object.getAllProducts (C:\Juan\bootcamp\backend\pre_entrega_3\database\Product.js:12:15)
    at Object.getAllProducts (C:\Juan\bootcamp\backend\pre_entrega_3\services\productService.js:4:33)
    at getAllProducts (C:\Juan\bootcamp\backend\pre_entrega_3\controllers\productController.js:4:40)
    at getProducts (C:\Juan\bootcamp\backend\pre_entrega_3\controllers\productController.js:29:9)
    at Layer.handle [as handle_request] (C:\Juan\bootcamp\backend\pre_entrega_3\node_modules\express\lib\router\layer.js:95:5)
    at next (C:\Juan\bootcamp\backend\pre_entrega_3\node_modules\express\lib\router\route.js:144:13)
    at Route.dispatch (C:\Juan\bootcamp\backend\pre_entrega_3\node_modules\express\lib\router\route.js:114:3)
    at Layer.handle [as handle_request] (C:\Juan\bootcamp\backend\pre_entrega_3\node_modules\express\lib\router\layer.js:95:5)
    at C:\Juan\bootcamp\backend\pre_entrega_3\node_modules\express\lib\router\index.js:284:15
    at Function.process_params (C:\Juan\bootcamp\backend\pre_entrega_3\node_modules\express\lib\router\index.js:346:12)
    at next (C:\Juan\bootcamp\backend\pre_entrega_3\node_modules\express\lib\router\index.js:280:10)
    at Function.handle (C:\Juan\bootcamp\backend\pre_entrega_3\node_modules\express\lib\router\index.js:175:3)
    at router (C:\Juan\bootcamp\backend\pre_entrega_3\node_modules\express\lib\router\index.js:47:12)
    at Layer.handle [as handle_request] (C:\Juan\bootcamp\backend\pre_entrega_3\node_modules\express\lib\router\layer.js:95:5)
    at trim_prefix (C:\Juan\bootcamp\backend\pre_entrega_3\node_modules\express\lib\router\index.js:328:13)
