[2022-08-02T17:10:49.654] [WARN] warnings - /favicon.ico GET
[2022-08-03T12:22:58.663] [WARN] warnings - /favicon.ico GET
[2022-08-03T12:32:47.761] [WARN] warnings - /favicon.ico GET
[2022-08-03T12:34:25.206] [WARN] warnings - /favicon.ico GET
[2022-08-03T12:34:41.670] [WARN] warnings - /favicon.ico GET
[2022-08-03T14:39:43.860] [WARN] warnings - /favicon.ico GET
[2022-08-03T14:41:07.909] [WARN] warnings - /favicon.ico GET
[2022-08-03T14:41:59.192] [WARN] warnings - /favicon.ico GET
[2022-08-03T14:42:54.648] [WARN] warnings - /favicon.ico GET
[2022-08-03T14:43:21.428] [WARN] warnings - /favicon.ico GET
[2022-08-03T14:43:23.526] [WARN] warnings - /favicon.ico GET
[2022-08-03T14:45:23.796] [WARN] warnings - /favicon.ico GET
[2022-08-03T14:47:44.560] [WARN] warnings - /favicon.ico GET
[2022-08-03T14:47:46.230] [WARN] warnings - /favicon.ico GET
[2022-08-03T14:53:43.280] [WARN] warnings - /favicon.ico GET
[2022-08-03T14:54:02.612] [WARN] warnings - /favicon.ico GET
[2022-08-03T14:54:04.683] [WARN] warnings - /favicon.ico GET
[2022-08-03T14:54:11.794] [WARN] warnings - /favicon.ico GET
[2022-08-03T14:54:50.315] [WARN] warnings - /favicon.ico GET
[2022-08-03T14:55:42.897] [WARN] warnings - /favicon.ico GET
[2022-08-03T14:59:01.628] [WARN] warnings - /favicon.ico GET
[2022-08-03T14:59:03.016] [WARN] warnings - /favicon.ico GET
[2022-08-03T14:59:05.146] [WARN] warnings - /favicon.ico GET
[2022-08-03T15:01:02.327] [WARN] warnings - /favicon.ico GET
[2022-08-03T15:01:43.026] [WARN] warnings - /favicon.ico GET
[2022-08-03T15:03:30.364] [WARN] warnings - /favicon.ico GET
[2022-08-03T23:08:29.711] [WARN] warnings - /cart GET
[2022-08-04T12:05:36.156] [WARN] warnings - /1654626477_4ormb682cj.jpg GET
[2022-08-04T12:05:36.161] [WARN] warnings - /1652726064_Z55rdjbjx3.jpg GET
[2022-08-04T12:05:36.168] [WARN] warnings - /1651851966_ca16rox9o.jpg GET
[2022-08-04T12:05:36.170] [WARN] warnings - /1653910993_bx9ac758m.jpg GET
[2022-08-04T12:05:36.184] [WARN] warnings - /1652359130_j7118Z355Z.jpg GET
[2022-08-04T12:05:36.195] [WARN] warnings - /1654626649_1x77m4brr5.jpg GET
[2022-08-04T12:05:36.196] [WARN] warnings - /1647017790_3c486mx2m4.jpg GET
[2022-08-04T12:05:36.200] [WARN] warnings - /1653055331_Zxjcob42b.jpg GET
[2022-08-04T12:05:36.210] [WARN] warnings - /1654006541_c7b5xa1Hx.jpg GET
[2022-08-04T12:05:36.216] [WARN] warnings - /1650294332_rc8o1rbb.jpg GET
[2022-08-04T12:05:36.218] [WARN] warnings - /1652379586_bb8HxH4j45.jpg GET
[2022-08-04T12:05:36.224] [WARN] warnings - /1653912646_cbHHHa9jZ.jpg GET
[2022-08-04T12:05:36.229] [WARN] warnings - /1652359258_3mrH2941.jpg GET
[2022-08-04T12:05:36.231] [WARN] warnings - /1653932527_H7mco21c59.jpg GET
[2022-08-04T12:05:36.233] [WARN] warnings - /1650716736_99Zb2drrH4.jpg GET
[2022-08-04T12:05:36.235] [WARN] warnings - /1650293884_Zo7bac6bc3.jpg GET
[2022-08-04T12:06:57.270] [WARN] warnings - /1650293884_Zo7bac6bc3.jpg GET
[2022-08-04T12:06:57.272] [WARN] warnings - /1653932527_H7mco21c59.jpg GET
[2022-08-04T12:06:57.274] [WARN] warnings - /1652359258_3mrH2941.jpg GET
[2022-08-04T12:06:57.276] [WARN] warnings - /1652379586_bb8HxH4j45.jpg GET
[2022-08-04T12:06:57.277] [WARN] warnings - /1652726064_Z55rdjbjx3.jpg GET
[2022-08-04T12:06:57.282] [WARN] warnings - /1653910993_bx9ac758m.jpg GET
[2022-08-04T12:06:57.561] [WARN] warnings - /1653912646_cbHHHa9jZ.jpg GET
[2022-08-04T12:06:57.562] [WARN] warnings - /1654626477_4ormb682cj.jpg GET
[2022-08-04T12:06:57.563] [WARN] warnings - /1647017790_3c486mx2m4.jpg GET
[2022-08-04T12:06:57.564] [WARN] warnings - /1651851966_ca16rox9o.jpg GET
[2022-08-04T12:06:57.565] [WARN] warnings - /1652359130_j7118Z355Z.jpg GET
[2022-08-04T12:06:57.566] [WARN] warnings - /1654006541_c7b5xa1Hx.jpg GET
[2022-08-04T12:06:57.572] [WARN] warnings - /1654626649_1x77m4brr5.jpg GET
[2022-08-04T12:06:57.574] [WARN] warnings - /1653055331_Zxjcob42b.jpg GET
[2022-08-04T12:06:57.575] [WARN] warnings - /1650716736_99Zb2drrH4.jpg GET
[2022-08-04T12:06:57.577] [WARN] warnings - /1650294332_rc8o1rbb.jpg GET
[2022-08-04T13:05:29.131] [WARN] warnings - /new GET
[2022-08-04T13:34:37.546] [WARN] warnings - /productos/remeras GET
[2022-08-04T14:39:18.142] [WARN] warnings - /products/cart/add/1070 GET
[2022-08-04T14:39:47.531] [WARN] warnings - /cart/add/1070 GET
[2022-08-04T14:40:33.666] [WARN] warnings - /cart/add/1070 GET
[2022-08-04T14:56:10.796] [WARN] warnings - /c GET
[2022-08-04T14:57:48.880] [WARN] warnings - /cart/add/1070 GET
[2022-08-04T14:58:26.196] [WARN] warnings - /cart/add/1070 GET
[2022-08-04T15:06:06.219] [WARN] warnings - /cart/add/1070 GET
[2022-08-04T15:09:01.422] [WARN] warnings - /cart/add/1070 GET
[2022-08-04T15:09:13.369] [WARN] warnings - /cart/add/1070 GET
[2022-08-04T15:21:08.619] [WARN] warnings - /productos GET
[2022-08-04T15:37:01.835] [WARN] warnings - /cart/add/1070 GET
[2022-08-04T15:37:44.364] [WARN] warnings - /cart/add/1070 GET
[2022-08-04T15:38:00.867] [WARN] warnings - /cart/add/1070 GET
[2022-08-04T15:40:22.202] [WARN] warnings - /cart/add/1070 GET
[2022-08-04T16:05:45.515] [WARN] warnings - /cart/add/1070 GET
[2022-08-04T16:10:09.114] [WARN] warnings - /cart/add/1070 GET
[2022-08-04T16:10:09.127] [WARN] warnings - /error GET
[2022-08-04T16:13:02.146] [WARN] warnings - /error GET
[2022-08-04T16:13:08.514] [WARN] warnings - /cart/add/1070 GET
[2022-08-04T16:13:08.527] [WARN] warnings - /error GET
[2022-08-04T16:14:16.148] [WARN] warnings - /error GET
[2022-08-04T16:14:19.140] [WARN] warnings - /cart/add/1070 GET
[2022-08-04T16:14:19.155] [WARN] warnings - /error GET
[2022-08-04T16:14:54.963] [WARN] warnings - /productos GET
[2022-08-04T16:15:48.257] [WARN] warnings - /cart/add/1070 GET
[2022-08-04T16:15:48.277] [WARN] warnings - /error GET
[2022-08-04T16:17:55.315] [WARN] warnings - /cart/add/1070 GET
[2022-08-04T16:20:19.437] [WARN] warnings - /cart/add/1070 GET
[2022-08-04T16:23:53.644] [WARN] warnings - /cart/add/1070 GET
[2022-08-04T16:36:19.481] [WARN] warnings - /cart/add/1070 GET
[2022-08-04T19:59:23.915] [WARN] warnings - /cart/add/cart/prod/remove/1071 GET
[2022-08-04T19:59:36.755] [WARN] warnings - /cart/add/cart/prod/remove/1071 GET
[2022-08-04T21:54:44.194] [WARN] warnings - /cart/process GET
[2022-08-10T13:31:51.801] [WARN] warnings - /user/62f1516240d41a GET
[2022-08-22T19:20:49.275] [WARN] warnings - /api/productos GET
[2022-08-22T19:21:07.974] [WARN] warnings - /productos GET
[2022-08-22T19:44:43.250] [WARN] warnings - /ladmin GET
[2022-08-22T19:49:32.647] [WARN] warnings - /loginss GET
[2022-08-22T19:49:59.403] [WARN] warnings - /loginss GET
[2022-08-22T19:52:16.766] [WARN] warnings - /loginss GET
[2022-08-22T19:52:49.872] [WARN] warnings - /loginss GET
[2022-08-22T19:54:29.081] [WARN] warnings - /uploads/ GET
[2022-08-22T20:04:56.253] [WARN] warnings - /uploads/ GET
[2022-08-22T20:38:24.695] [WARN] warnings - /uploads/ GET
[2022-08-27T22:48:20.285] [WARN] warnings - /socket.io/socket.io.js GET
[2022-08-27T22:54:23.199] [WARN] warnings - /socket.io/socket.io.js GET
[2022-08-28T13:37:23.682] [WARN] warnings - /socket.io/?EIO=4&transport=polling&t=OBbKAHK GET
[2022-08-28T13:37:24.781] [WARN] warnings - /socket.io/?EIO=4&transport=polling&t=OBbKAYc GET
[2022-08-28T13:37:27.797] [WARN] warnings - /socket.io/?EIO=4&transport=polling&t=OBbKBHe GET
[2022-08-28T13:37:30.202] [WARN] warnings - /socket.io/?EIO=4&transport=polling&t=OBbKBtL GET
[2022-08-28T13:37:35.222] [WARN] warnings - /socket.io/?EIO=4&transport=polling&t=OBbKD5m GET
[2022-08-28T13:37:40.248] [WARN] warnings - /socket.io/?EIO=4&transport=polling&t=OBbKEKC GET
[2022-08-28T13:37:45.272] [WARN] warnings - /socket.io/?EIO=4&transport=polling&t=OBbKFYo GET
[2022-08-28T13:37:51.314] [WARN] warnings - /socket.io/?EIO=4&transport=polling&t=OBbKH14 GET
[2022-08-28T13:37:57.346] [WARN] warnings - /socket.io/?EIO=4&transport=polling&t=OBbKIVN GET
[2022-08-28T13:38:03.374] [WARN] warnings - /socket.io/?EIO=4&transport=polling&t=OBbKJzf GET
[2022-08-28T13:38:05.694] [WARN] warnings - /socket.io/?EIO=4&transport=polling&t=OBbKKXx GET
[2022-08-28T13:38:06.300] [WARN] warnings - /socket.io/?EIO=4&transport=polling&t=OBbKKhO GET
[2022-08-28T13:38:08.469] [WARN] warnings - /socket.io/?EIO=4&transport=polling&t=OBbKLDE GET
[2022-08-28T13:38:10.759] [WARN] warnings - /socket.io/?EIO=4&transport=polling&t=OBbKLm_ GET
[2022-08-28T13:38:15.299] [WARN] warnings - /socket.io/?EIO=4&transport=polling&t=OBbKMt- GET
[2022-08-28T13:38:20.950] [WARN] warnings - /socket.io/?EIO=4&transport=polling&t=OBbKOGI GET
[2022-08-28T13:38:26.975] [WARN] warnings - /socket.io/?EIO=4&transport=polling&t=OBbKPkR GET
[2022-08-28T13:38:33.005] [WARN] warnings - /socket.io/?EIO=4&transport=polling&t=OBbKRCd GET
[2022-08-28T13:42:21.070] [WARN] warnings - /socket.io/?EIO=4&transport=polling&t=OBbLIGB GET
[2022-08-28T13:42:27.114] [WARN] warnings - /socket.io/?EIO=4&transport=polling&t=OBbLKMZ GET
[2022-08-28T13:46:59.848] [WARN] warnings - /socket.io/?EIO=4&transport=polling&t=OBbMMy2 GET
[2022-08-28T13:46:59.905] [WARN] warnings - /js/socket.io.min.js.map GET
[2022-08-28T13:47:00.845] [WARN] warnings - /socket.io/?EIO=4&transport=polling&t=OBbMNBX GET
[2022-08-28T13:47:03.051] [WARN] warnings - /socket.io/?EIO=4&transport=polling&t=OBbMNk3 GET
[2022-08-28T13:47:05.732] [WARN] warnings - /socket.io/?EIO=4&transport=polling&t=OBbMONu GET
[2022-08-28T13:47:10.776] [WARN] warnings - /socket.io/?EIO=4&transport=polling&t=OBbMPcj GET
[2022-08-28T13:47:15.813] [WARN] warnings - /socket.io/?EIO=4&transport=polling&t=OBbMQrQ GET
[2022-08-28T13:47:20.440] [WARN] warnings - /socket.io/?EIO=4&transport=polling&t=OBbMRzp GET
[2022-08-28T13:47:20.551] [WARN] warnings - /js/socket.io.min.js.map GET
[2022-08-28T13:47:21.270] [WARN] warnings - /socket.io/?EIO=4&transport=polling&t=OBbMSAi GET
[2022-08-28T13:47:24.105] [WARN] warnings - /socket.io/?EIO=4&transport=polling&t=OBbMSt1 GET
[2022-08-28T13:47:29.126] [WARN] warnings - /socket.io/?EIO=4&transport=polling&t=OBbMU5X GET
[2022-08-28T13:47:33.725] [WARN] warnings - /socket.io/?EIO=4&transport=polling&t=OBbMVDN GET
[2022-08-28T13:47:39.740] [WARN] warnings - /socket.io/?EIO=4&transport=polling&t=OBbMWhO GET
[2022-08-28T13:47:44.769] [WARN] warnings - /socket.io/?EIO=4&transport=polling&t=OBbMXvx GET
[2022-08-28T13:47:50.783] [WARN] warnings - /socket.io/?EIO=4&transport=polling&t=OBbMZNx GET
[2022-08-28T13:47:55.801] [WARN] warnings - /socket.io/?EIO=4&transport=polling&t=OBbMacJ GET
[2022-08-28T13:48:00.825] [WARN] warnings - /socket.io/?EIO=4&transport=polling&t=OBbMbqp GET
[2022-08-28T13:48:05.850] [WARN] warnings - /socket.io/?EIO=4&transport=polling&t=OBbMd3L GET
[2022-08-28T13:48:10.866] [WARN] warnings - /socket.io/?EIO=4&transport=polling&t=OBbMeHh GET
[2022-08-28T13:48:15.891] [WARN] warnings - /socket.io/?EIO=4&transport=polling&t=OBbMfWC GET
[2022-08-28T13:50:52.264] [WARN] warnings - /socket.io/?EIO=4&transport=polling&t=OBbNExq GET
[2022-08-28T13:50:58.302] [WARN] warnings - /socket.io/?EIO=4&transport=polling&t=OBbNH9q GET
[2022-08-28T13:51:04.663] [WARN] warnings - /socket.io/?EIO=4&transport=polling&t=OBbNIjF GET
[2022-08-28T13:51:11.189] [WARN] warnings - /socket.io/?EIO=4&transport=polling&t=OBbNKJG GET
[2022-08-28T13:51:18.238] [WARN] warnings - /socket.io/?EIO=4&transport=polling&t=OBbNLnd GET
[2022-08-28T13:51:24.293] [WARN] warnings - /socket.io/?EIO=4&transport=polling&t=OBbNNVx GET
[2022-08-28T13:51:30.334] [WARN] warnings - /socket.io/?EIO=4&transport=polling&t=OBbNO-N GET
[2022-08-28T13:51:36.634] [WARN] warnings - /socket.io/?EIO=4&transport=polling&t=OBbNQSd GET
[2022-08-28T13:51:42.677] [WARN] warnings - /socket.io/?EIO=4&transport=polling&t=OBbNR_5 GET
[2022-08-28T13:51:48.703] [WARN] warnings - /socket.io/?EIO=4&transport=polling&t=OBbNTTM GET
[2022-08-28T13:51:54.731] [WARN] warnings - /socket.io/?EIO=4&transport=polling&t=OBbNUxa GET
[2022-08-28T13:52:00.757] [WARN] warnings - /socket.io/?EIO=4&transport=polling&t=OBbNWPn GET
[2022-08-28T13:52:01.649] [WARN] warnings - /socket.io/socket.io.js GET
[2022-08-28T13:52:35.343] [WARN] warnings - /controllers/socket.io/socket.io.js GET
[2022-08-28T13:52:41.267] [WARN] warnings - /socket.io/socket.io.js GET
[2022-08-28T13:53:56.106] [WARN] warnings - /socket.io/?EIO=4&transport=polling&t=OBbNya4 GET
[2022-08-28T13:53:56.207] [WARN] warnings - /js/socket.io.min.js.map GET
[2022-08-28T13:53:57.195] [WARN] warnings - /socket.io/?EIO=4&transport=polling&t=OBbNyr4 GET
[2022-08-28T13:53:59.802] [WARN] warnings - /socket.io/?EIO=4&transport=polling&t=OBbNzTe GET
[2022-08-28T13:54:04.597] [WARN] warnings - /socket.io/?EIO=4&transport=polling&t=OBbN-ec GET
[2022-08-28T13:54:09.661] [WARN] warnings - /socket.io/?EIO=4&transport=polling&t=OBbN_ti GET
[2022-08-28T13:54:15.701] [WARN] warnings - /socket.io/?EIO=4&transport=polling&t=OBbO1MA GET
[2022-08-28T13:54:20.722] [WARN] warnings - /socket.io/?EIO=4&transport=polling&t=OBbO2ai GET
[2022-08-28T13:54:25.753] [WARN] warnings - /socket.io/?EIO=4&transport=polling&t=OBbO3pD GET
[2022-08-28T13:54:30.776] [WARN] warnings - /socket.io/?EIO=4&transport=polling&t=OBbO51n GET
[2022-08-28T13:54:35.803] [WARN] warnings - /socket.io/?EIO=4&transport=polling&t=OBbO6GK GET
[2022-08-28T13:54:40.819] [WARN] warnings - /socket.io/?EIO=4&transport=polling&t=OBbO7Ui GET
[2022-08-28T13:54:45.853] [WARN] warnings - /socket.io/?EIO=4&transport=polling&t=OBbO8jE GET
[2022-08-28T14:01:08.418] [WARN] warnings - /js/socket.io.min.js.map GET
[2022-08-28T14:01:34.693] [WARN] warnings - /js/socket.io.min.js.map GET
[2022-08-28T14:01:56.242] [WARN] warnings - /js/socket.io.min.js.map GET
[2022-08-28T14:03:18.532] [WARN] warnings - /socket.io/?EIO=4&transport=polling&t=OBbQ5tz GET
[2022-08-28T14:03:19.919] [WARN] warnings - /socket.io/?EIO=4&transport=polling&t=OBbQ6DY GET
[2022-08-28T14:03:22.068] [WARN] warnings - /socket.io/?EIO=4&transport=polling&t=OBbQ6j1 GET
[2022-08-28T14:03:27.105] [WARN] warnings - /socket.io/?EIO=4&transport=polling&t=OBbQ7zk GET
[2022-08-28T14:03:32.124] [WARN] warnings - /socket.io/?EIO=4&transport=polling&t=OBbQ9CL GET
[2022-08-28T14:03:38.166] [WARN] warnings - /socket.io/?EIO=4&transport=polling&t=OBbQAgZ GET
[2022-08-28T14:03:44.207] [WARN] warnings - /socket.io/?EIO=4&transport=polling&t=OBbQC95 GET
[2022-08-28T14:03:50.242] [WARN] warnings - /socket.io/?EIO=4&transport=polling&t=OBbQDdN GET
[2022-08-28T14:03:56.282] [WARN] warnings - /socket.io/?EIO=4&transport=polling&t=OBbQF5r GET
[2022-08-28T14:04:02.302] [WARN] warnings - /socket.io/?EIO=4&transport=polling&t=OBbQGZv GET
[2022-08-28T20:59:27.240] [WARN] warnings - /uploads/ GET
[2022-08-29T17:58:22.466] [WARN] warnings - /process GET
[2022-08-29T17:58:34.704] [WARN] warnings - /process GET
[2022-08-29T20:18:13.674] [WARN] warnings - /support/message GET
[2022-08-29T20:56:38.460] [WARN] warnings - /uploads/ GET
[2022-08-29T20:58:33.561] [WARN] warnings - /uploads/ GET
[2022-08-29T20:58:45.812] [WARN] warnings - /uploads/ GET
[2022-08-29T23:05:10.966] [WARN] warnings - /uploads/ GET
[2022-08-30T16:13:03.259] [WARN] warnings - /+ GET
